This file contains any messages produced by compilers while
running configure, to aid debugging if configure makes a mistake.

It was created by faad2 configure 2.8.8, which was
generated by GNU Autoconf 2.69.  Invocation command line was

  $ ./configure 

## --------- ##
## Platform. ##
## --------- ##

hostname = localhost.localdomain
uname -m = x86_64
uname -r = 4.19.9-300.fc29.x86_64
uname -s = Linux
uname -v = #1 SMP Thu Dec 13 17:25:01 UTC 2018

/usr/bin/uname -p = x86_64
/bin/uname -X     = unknown

/bin/arch              = x86_64
/usr/bin/arch -k       = unknown
/usr/convex/getsysinfo = unknown
/usr/bin/hostinfo      = unknown
/bin/machine           = unknown
/usr/bin/oslevel       = unknown
/bin/universe          = unknown

PATH: /home/jan/.local/bin
PATH: /home/jan/bin
PATH: /home/jan/.local/bin
PATH: /home/jan/bin
PATH: /usr/share/Modules/bin
PATH: /usr/local/bin
PATH: /usr/local/sbin
PATH: /usr/bin
PATH: /usr/sbin


## ----------- ##
## Core tests. ##
## ----------- ##

configure:2467: checking for a BSD-compatible install
configure:2535: result: /usr/bin/install -c
configure:2546: checking whether build environment is sane
configure:2601: result: yes
configure:2752: checking for a thread-safe mkdir -p
configure:2791: result: /usr/bin/mkdir -p
configure:2798: checking for gawk
configure:2814: found /usr/bin/gawk
configure:2825: result: gawk
configure:2836: checking whether make sets $(MAKE)
configure:2858: result: yes
configure:2887: checking whether make supports nested variables
configure:2904: result: yes
configure:3060: checking build system type
configure:3074: result: x86_64-pc-linux-gnu
configure:3094: checking host system type
configure:3107: result: x86_64-pc-linux-gnu
configure:3148: checking how to print strings
configure:3175: result: printf
configure:3208: checking for style of include used by make
configure:3236: result: GNU
configure:3307: checking for gcc
configure:3323: found /usr/bin/gcc
configure:3334: result: gcc
configure:3563: checking for C compiler version
configure:3572: gcc --version >&5
gcc (GCC) 8.2.1 20181215 (Red Hat 8.2.1-6)
Copyright (C) 2018 Free Software Foundation, Inc.
This is free software; see the source for copying conditions.  There is NO
warranty; not even for MERCHANTABILITY or FITNESS FOR A PARTICULAR PURPOSE.

configure:3583: $? = 0
configure:3572: gcc -v >&5
Using built-in specs.
COLLECT_GCC=gcc
COLLECT_LTO_WRAPPER=/usr/libexec/gcc/x86_64-redhat-linux/8/lto-wrapper
OFFLOAD_TARGET_NAMES=nvptx-none
OFFLOAD_TARGET_DEFAULT=1
Target: x86_64-redhat-linux
Configured with: ../configure --enable-bootstrap --enable-languages=c,c++,fortran,objc,obj-c++,ada,go,lto --prefix=/usr --mandir=/usr/share/man --infodir=/usr/share/info --with-bugurl=http://bugzilla.redhat.com/bugzilla --enable-shared --enable-threads=posix --enable-checking=release --enable-multilib --with-system-zlib --enable-__cxa_atexit --disable-libunwind-exceptions --enable-gnu-unique-object --enable-linker-build-id --with-gcc-major-version-only --with-linker-hash-style=gnu --enable-plugin --enable-initfini-array --with-isl --enable-libmpx --enable-offload-targets=nvptx-none --without-cuda-driver --enable-gnu-indirect-function --enable-cet --with-tune=generic --with-arch_32=i686 --build=x86_64-redhat-linux
Thread model: posix
gcc version 8.2.1 20181215 (Red Hat 8.2.1-6) (GCC) 
configure:3583: $? = 0
configure:3572: gcc -V >&5
gcc: error: unrecognized command line option '-V'
gcc: fatal error: no input files
compilation terminated.
configure:3583: $? = 1
configure:3572: gcc -qversion >&5
gcc: error: unrecognized command line option '-qversion'; did you mean '--version'?
gcc: fatal error: no input files
compilation terminated.
configure:3583: $? = 1
configure:3603: checking whether the C compiler works
configure:3625: gcc    conftest.c  >&5
configure:3629: $? = 0
configure:3677: result: yes
configure:3680: checking for C compiler default output file name
configure:3682: result: a.out
configure:3688: checking for suffix of executables
configure:3695: gcc -o conftest    conftest.c  >&5
configure:3699: $? = 0
configure:3721: result: 
configure:3743: checking whether we are cross compiling
configure:3751: gcc -o conftest    conftest.c  >&5
configure:3755: $? = 0
configure:3762: ./conftest
configure:3766: $? = 0
configure:3781: result: no
configure:3786: checking for suffix of object files
configure:3808: gcc -c   conftest.c >&5
configure:3812: $? = 0
configure:3833: result: o
configure:3837: checking whether we are using the GNU C compiler
configure:3856: gcc -c   conftest.c >&5
configure:3856: $? = 0
configure:3865: result: yes
configure:3874: checking whether gcc accepts -g
configure:3894: gcc -c -g  conftest.c >&5
configure:3894: $? = 0
configure:3935: result: yes
configure:3952: checking for gcc option to accept ISO C89
configure:4015: gcc  -c -g -O2  conftest.c >&5
configure:4015: $? = 0
configure:4028: result: none needed
configure:4053: checking whether gcc understands -c and -o together
configure:4075: gcc -c conftest.c -o conftest2.o
configure:4078: $? = 0
configure:4075: gcc -c conftest.c -o conftest2.o
configure:4078: $? = 0
configure:4090: result: yes
configure:4109: checking dependency style of gcc
configure:4220: result: gcc3
configure:4235: checking for a sed that does not truncate output
configure:4299: result: /usr/bin/sed
configure:4317: checking for grep that handles long lines and -e
configure:4375: result: /usr/bin/grep
configure:4380: checking for egrep
configure:4442: result: /usr/bin/grep -E
configure:4447: checking for fgrep
configure:4509: result: /usr/bin/grep -F
configure:4544: checking for ld used by gcc
configure:4611: result: /usr/bin/ld
configure:4618: checking if the linker (/usr/bin/ld) is GNU ld
configure:4633: result: yes
configure:4645: checking for BSD- or MS-compatible name lister (nm)
configure:4699: result: /usr/bin/nm -B
configure:4829: checking the name lister (/usr/bin/nm -B) interface
configure:4836: gcc -c -g -O2  conftest.c >&5
configure:4839: /usr/bin/nm -B "conftest.o"
configure:4842: output
0000000000000000 B some_variable
configure:4849: result: BSD nm
configure:4852: checking whether ln -s works
configure:4856: result: yes
configure:4864: checking the maximum length of command line arguments
configure:4995: result: 1572864
configure:5043: checking how to convert x86_64-pc-linux-gnu file names to x86_64-pc-linux-gnu format
configure:5083: result: func_convert_file_noop
configure:5090: checking how to convert x86_64-pc-linux-gnu file names to toolchain format
configure:5110: result: func_convert_file_noop
configure:5117: checking for /usr/bin/ld option to reload object files
configure:5124: result: -r
configure:5198: checking for objdump
configure:5214: found /usr/bin/objdump
configure:5225: result: objdump
configure:5257: checking how to recognize dependent libraries
configure:5457: result: pass_all
configure:5542: checking for dlltool
configure:5572: result: no
configure:5602: checking how to associate runtime and link libraries
configure:5629: result: printf %s\n
configure:5690: checking for ar
configure:5706: found /usr/bin/ar
configure:5717: result: ar
configure:5754: checking for archiver @FILE support
configure:5771: gcc -c -g -O2  conftest.c >&5
configure:5771: $? = 0
configure:5774: ar cru libconftest.a @conftest.lst >&5
configure:5777: $? = 0
configure:5782: ar cru libconftest.a @conftest.lst >&5
ar: conftest.o: No such file or directory
configure:5785: $? = 1
configure:5797: result: @
configure:5855: checking for strip
configure:5871: found /usr/bin/strip
configure:5882: result: strip
configure:5954: checking for ranlib
configure:5970: found /usr/bin/ranlib
configure:5981: result: ranlib
configure:6083: checking command to parse /usr/bin/nm -B output from gcc object
configure:6236: gcc -c -g -O2  conftest.c >&5
configure:6239: $? = 0
configure:6243: /usr/bin/nm -B conftest.o \| sed -n -e 's/^.*[ ]\([ABCDGIRSTW][ABCDGIRSTW]*\)[ ][ ]*\([_A-Za-z][_A-Za-z0-9]*\)$/\1 \2 \2/p' | sed '/ __gnu_lto/d' \> conftest.nm
configure:6246: $? = 0
configure:6312: gcc -o conftest -g -O2   conftest.c conftstm.o >&5
configure:6315: $? = 0
configure:6353: result: ok
configure:6400: checking for sysroot
configure:6430: result: no
configure:6437: checking for a working dd
configure:6475: result: /usr/bin/dd
configure:6479: checking how to truncate binary pipes
configure:6494: result: /usr/bin/dd bs=4096 count=1
configure:6630: gcc -c -g -O2  conftest.c >&5
configure:6633: $? = 0
configure:6823: checking for mt
configure:6853: result: no
configure:6873: checking if : is a manifest tool
configure:6879: : '-?'
configure:6887: result: no
configure:7564: checking how to run the C preprocessor
configure:7595: gcc -E  conftest.c
configure:7595: $? = 0
configure:7609: gcc -E  conftest.c
conftest.c:11:10: fatal error: ac_nonexistent.h: No such file or directory
 #include <ac_nonexistent.h>
          ^~~~~~~~~~~~~~~~~~
compilation terminated.
configure:7609: $? = 1
configure: failed program was:
| /* confdefs.h */
| #define PACKAGE_NAME "faad2"
| #define PACKAGE_TARNAME "faad2"
| #define PACKAGE_VERSION "2.8.8"
| #define PACKAGE_STRING "faad2 2.8.8"
| #define PACKAGE_BUGREPORT ""
| #define PACKAGE_URL ""
| #define PACKAGE "faad2"
| #define VERSION "2.8.8"
| /* end confdefs.h.  */
| #include <ac_nonexistent.h>
configure:7634: result: gcc -E
configure:7654: gcc -E  conftest.c
configure:7654: $? = 0
configure:7668: gcc -E  conftest.c
conftest.c:11:10: fatal error: ac_nonexistent.h: No such file or directory
 #include <ac_nonexistent.h>
          ^~~~~~~~~~~~~~~~~~
compilation terminated.
configure:7668: $? = 1
configure: failed program was:
| /* confdefs.h */
| #define PACKAGE_NAME "faad2"
| #define PACKAGE_TARNAME "faad2"
| #define PACKAGE_VERSION "2.8.8"
| #define PACKAGE_STRING "faad2 2.8.8"
| #define PACKAGE_BUGREPORT ""
| #define PACKAGE_URL ""
| #define PACKAGE "faad2"
| #define VERSION "2.8.8"
| /* end confdefs.h.  */
| #include <ac_nonexistent.h>
configure:7697: checking for ANSI C header files
configure:7717: gcc -c -g -O2  conftest.c >&5
configure:7717: $? = 0
configure:7790: gcc -o conftest -g -O2   conftest.c  >&5
configure:7790: $? = 0
configure:7790: ./conftest
configure:7790: $? = 0
configure:7801: result: yes
configure:7814: checking for sys/types.h
configure:7814: gcc -c -g -O2  conftest.c >&5
configure:7814: $? = 0
configure:7814: result: yes
configure:7814: checking for sys/stat.h
configure:7814: gcc -c -g -O2  conftest.c >&5
configure:7814: $? = 0
configure:7814: result: yes
configure:7814: checking for stdlib.h
configure:7814: gcc -c -g -O2  conftest.c >&5
configure:7814: $? = 0
configure:7814: result: yes
configure:7814: checking for string.h
configure:7814: gcc -c -g -O2  conftest.c >&5
configure:7814: $? = 0
configure:7814: result: yes
configure:7814: checking for memory.h
configure:7814: gcc -c -g -O2  conftest.c >&5
configure:7814: $? = 0
configure:7814: result: yes
configure:7814: checking for strings.h
configure:7814: gcc -c -g -O2  conftest.c >&5
configure:7814: $? = 0
configure:7814: result: yes
configure:7814: checking for inttypes.h
configure:7814: gcc -c -g -O2  conftest.c >&5
configure:7814: $? = 0
configure:7814: result: yes
configure:7814: checking for stdint.h
configure:7814: gcc -c -g -O2  conftest.c >&5
configure:7814: $? = 0
configure:7814: result: yes
configure:7814: checking for unistd.h
configure:7814: gcc -c -g -O2  conftest.c >&5
configure:7814: $? = 0
configure:7814: result: yes
configure:7828: checking for dlfcn.h
configure:7828: gcc -c -g -O2  conftest.c >&5
configure:7828: $? = 0
configure:7828: result: yes
configure:8084: checking for objdir
configure:8099: result: .libs
configure:8359: checking if gcc supports -fno-rtti -fno-exceptions
configure:8377: gcc -c -g -O2  -fno-rtti -fno-exceptions conftest.c >&5
cc1: warning: command line option '-fno-rtti' is valid for C++/ObjC++ but not for C
configure:8381: $? = 0
configure:8394: result: no
configure:8752: checking for gcc option to produce PIC
configure:8759: result: -fPIC -DPIC
configure:8767: checking if gcc PIC flag -fPIC -DPIC works
configure:8785: gcc -c -g -O2  -fPIC -DPIC -DPIC conftest.c >&5
configure:8789: $? = 0
configure:8802: result: yes
configure:8831: checking if gcc static flag -static works
configure:8859: result: no
configure:8874: checking if gcc supports -c -o file.o
configure:8895: gcc -c -g -O2  -o out/conftest2.o conftest.c >&5
configure:8899: $? = 0
configure:8921: result: yes
configure:8929: checking if gcc supports -c -o file.o
configure:8976: result: yes
configure:9009: checking whether the gcc linker (/usr/bin/ld -m elf_x86_64) supports shared libraries
configure:10272: result: yes
configure:10309: checking whether -lc should be explicitly linked in
configure:10317: gcc -c -g -O2  conftest.c >&5
configure:10320: $? = 0
configure:10335: gcc -shared  -fPIC -DPIC conftest.o  -v -Wl,-soname -Wl,conftest -o conftest 2\>\&1 \| /usr/bin/grep  -lc  \>/dev/null 2\>\&1
configure:10338: $? = 0
configure:10352: result: no
configure:10512: checking dynamic linker characteristics
configure:11093: gcc -o conftest -g -O2   -Wl,-rpath -Wl,/foo conftest.c  >&5
configure:11093: $? = 0
configure:11342: result: GNU/Linux ld.so
configure:11464: checking how to hardcode library paths into programs
configure:11489: result: immediate
configure:12037: checking whether stripping libraries is possible
configure:12042: result: yes
configure:12077: checking if libtool supports shared libraries
configure:12079: result: yes
configure:12082: checking whether to build shared libraries
configure:12107: result: yes
configure:12110: checking whether to build static libraries
configure:12114: result: yes
configure:12201: checking for gcc
configure:12228: result: gcc
configure:12457: checking for C compiler version
configure:12466: gcc --version >&5
gcc (GCC) 8.2.1 20181215 (Red Hat 8.2.1-6)
Copyright (C) 2018 Free Software Foundation, Inc.
This is free software; see the source for copying conditions.  There is NO
warranty; not even for MERCHANTABILITY or FITNESS FOR A PARTICULAR PURPOSE.

configure:12477: $? = 0
configure:12466: gcc -v >&5
Using built-in specs.
COLLECT_GCC=gcc
COLLECT_LTO_WRAPPER=/usr/libexec/gcc/x86_64-redhat-linux/8/lto-wrapper
OFFLOAD_TARGET_NAMES=nvptx-none
OFFLOAD_TARGET_DEFAULT=1
Target: x86_64-redhat-linux
Configured with: ../configure --enable-bootstrap --enable-languages=c,c++,fortran,objc,obj-c++,ada,go,lto --prefix=/usr --mandir=/usr/share/man --infodir=/usr/share/info --with-bugurl=http://bugzilla.redhat.com/bugzilla --enable-shared --enable-threads=posix --enable-checking=release --enable-multilib --with-system-zlib --enable-__cxa_atexit --disable-libunwind-exceptions --enable-gnu-unique-object --enable-linker-build-id --with-gcc-major-version-only --with-linker-hash-style=gnu --enable-plugin --enable-initfini-array --with-isl --enable-libmpx --enable-offload-targets=nvptx-none --without-cuda-driver --enable-gnu-indirect-function --enable-cet --with-tune=generic --with-arch_32=i686 --build=x86_64-redhat-linux
Thread model: posix
gcc version 8.2.1 20181215 (Red Hat 8.2.1-6) (GCC) 
configure:12477: $? = 0
configure:12466: gcc -V >&5
gcc: error: unrecognized command line option '-V'
gcc: fatal error: no input files
compilation terminated.
configure:12477: $? = 1
configure:12466: gcc -qversion >&5
gcc: error: unrecognized command line option '-qversion'; did you mean '--version'?
gcc: fatal error: no input files
compilation terminated.
configure:12477: $? = 1
configure:12481: checking whether we are using the GNU C compiler
configure:12509: result: yes
configure:12518: checking whether gcc accepts -g
configure:12579: result: yes
configure:12596: checking for gcc option to accept ISO C89
configure:12672: result: none needed
configure:12697: checking whether gcc understands -c and -o together
configure:12734: result: yes
configure:12753: checking dependency style of gcc
configure:12864: result: gcc3
configure:12885: checking how to run the C preprocessor
configure:12955: result: gcc -E
configure:12975: gcc -E  conftest.c
configure:12975: $? = 0
configure:12989: gcc -E  conftest.c
conftest.c:23:10: fatal error: ac_nonexistent.h: No such file or directory
 #include <ac_nonexistent.h>
          ^~~~~~~~~~~~~~~~~~
compilation terminated.
configure:12989: $? = 1
configure: failed program was:
| /* confdefs.h */
| #define PACKAGE_NAME "faad2"
| #define PACKAGE_TARNAME "faad2"
| #define PACKAGE_VERSION "2.8.8"
| #define PACKAGE_STRING "faad2 2.8.8"
| #define PACKAGE_BUGREPORT ""
| #define PACKAGE_URL ""
| #define PACKAGE "faad2"
| #define VERSION "2.8.8"
| #define STDC_HEADERS 1
| #define HAVE_SYS_TYPES_H 1
| #define HAVE_SYS_STAT_H 1
| #define HAVE_STDLIB_H 1
| #define HAVE_STRING_H 1
| #define HAVE_MEMORY_H 1
| #define HAVE_STRINGS_H 1
| #define HAVE_INTTYPES_H 1
| #define HAVE_STDINT_H 1
| #define HAVE_UNISTD_H 1
| #define HAVE_DLFCN_H 1
| #define LT_OBJDIR ".libs/"
| /* end confdefs.h.  */
| #include <ac_nonexistent.h>
configure:13075: checking for g++
configure:13091: found /usr/bin/g++
configure:13102: result: g++
configure:13129: checking for C++ compiler version
configure:13138: g++ --version >&5
g++ (GCC) 8.2.1 20181215 (Red Hat 8.2.1-6)
Copyright (C) 2018 Free Software Foundation, Inc.
This is free software; see the source for copying conditions.  There is NO
warranty; not even for MERCHANTABILITY or FITNESS FOR A PARTICULAR PURPOSE.

configure:13149: $? = 0
configure:13138: g++ -v >&5
Using built-in specs.
COLLECT_GCC=g++
COLLECT_LTO_WRAPPER=/usr/libexec/gcc/x86_64-redhat-linux/8/lto-wrapper
OFFLOAD_TARGET_NAMES=nvptx-none
OFFLOAD_TARGET_DEFAULT=1
Target: x86_64-redhat-linux
Configured with: ../configure --enable-bootstrap --enable-languages=c,c++,fortran,objc,obj-c++,ada,go,lto --prefix=/usr --mandir=/usr/share/man --infodir=/usr/share/info --with-bugurl=http://bugzilla.redhat.com/bugzilla --enable-shared --enable-threads=posix --enable-checking=release --enable-multilib --with-system-zlib --enable-__cxa_atexit --disable-libunwind-exceptions --enable-gnu-unique-object --enable-linker-build-id --with-gcc-major-version-only --with-linker-hash-style=gnu --enable-plugin --enable-initfini-array --with-isl --enable-libmpx --enable-offload-targets=nvptx-none --without-cuda-driver --enable-gnu-indirect-function --enable-cet --with-tune=generic --with-arch_32=i686 --build=x86_64-redhat-linux
Thread model: posix
gcc version 8.2.1 20181215 (Red Hat 8.2.1-6) (GCC) 
configure:13149: $? = 0
configure:13138: g++ -V >&5
g++: error: unrecognized command line option '-V'
g++: fatal error: no input files
compilation terminated.
configure:13149: $? = 1
configure:13138: g++ -qversion >&5
g++: error: unrecognized command line option '-qversion'; did you mean '--version'?
g++: fatal error: no input files
compilation terminated.
configure:13149: $? = 1
configure:13153: checking whether we are using the GNU C++ compiler
configure:13172: g++ -c   conftest.cpp >&5
configure:13172: $? = 0
configure:13181: result: yes
configure:13190: checking whether g++ accepts -g
configure:13210: g++ -c -g  conftest.cpp >&5
configure:13210: $? = 0
configure:13251: result: yes
configure:13276: checking dependency style of g++
configure:13387: result: gcc3
configure:13420: checking how to run the C++ preprocessor
configure:13447: g++ -E  conftest.cpp
configure:13447: $? = 0
configure:13461: g++ -E  conftest.cpp
conftest.cpp:23:10: fatal error: ac_nonexistent.h: No such file or directory
 #include <ac_nonexistent.h>
          ^~~~~~~~~~~~~~~~~~
compilation terminated.
configure:13461: $? = 1
configure: failed program was:
| /* confdefs.h */
| #define PACKAGE_NAME "faad2"
| #define PACKAGE_TARNAME "faad2"
| #define PACKAGE_VERSION "2.8.8"
| #define PACKAGE_STRING "faad2 2.8.8"
| #define PACKAGE_BUGREPORT ""
| #define PACKAGE_URL ""
| #define PACKAGE "faad2"
| #define VERSION "2.8.8"
| #define STDC_HEADERS 1
| #define HAVE_SYS_TYPES_H 1
| #define HAVE_SYS_STAT_H 1
| #define HAVE_STDLIB_H 1
| #define HAVE_STRING_H 1
| #define HAVE_MEMORY_H 1
| #define HAVE_STRINGS_H 1
| #define HAVE_INTTYPES_H 1
| #define HAVE_STDINT_H 1
| #define HAVE_UNISTD_H 1
| #define HAVE_DLFCN_H 1
| #define LT_OBJDIR ".libs/"
| /* end confdefs.h.  */
| #include <ac_nonexistent.h>
configure:13486: result: g++ -E
configure:13506: g++ -E  conftest.cpp
configure:13506: $? = 0
configure:13520: g++ -E  conftest.cpp
conftest.cpp:23:10: fatal error: ac_nonexistent.h: No such file or directory
 #include <ac_nonexistent.h>
          ^~~~~~~~~~~~~~~~~~
compilation terminated.
configure:13520: $? = 1
configure: failed program was:
| /* confdefs.h */
| #define PACKAGE_NAME "faad2"
| #define PACKAGE_TARNAME "faad2"
| #define PACKAGE_VERSION "2.8.8"
| #define PACKAGE_STRING "faad2 2.8.8"
| #define PACKAGE_BUGREPORT ""
| #define PACKAGE_URL ""
| #define PACKAGE "faad2"
| #define VERSION "2.8.8"
| #define STDC_HEADERS 1
| #define HAVE_SYS_TYPES_H 1
| #define HAVE_SYS_STAT_H 1
| #define HAVE_STDLIB_H 1
| #define HAVE_STRING_H 1
| #define HAVE_MEMORY_H 1
| #define HAVE_STRINGS_H 1
| #define HAVE_INTTYPES_H 1
| #define HAVE_STDINT_H 1
| #define HAVE_UNISTD_H 1
| #define HAVE_DLFCN_H 1
| #define LT_OBJDIR ".libs/"
| /* end confdefs.h.  */
| #include <ac_nonexistent.h>
configure:13682: checking for ld used by g++
configure:13749: result: /usr/bin/ld -m elf_x86_64
configure:13756: checking if the linker (/usr/bin/ld -m elf_x86_64) is GNU ld
configure:13771: result: yes
configure:13826: checking whether the g++ linker (/usr/bin/ld -m elf_x86_64) supports shared libraries
configure:14899: result: yes
configure:14935: g++ -c -g -O2  conftest.cpp >&5
configure:14938: $? = 0
configure:15419: checking for g++ option to produce PIC
configure:15426: result: -fPIC -DPIC
configure:15434: checking if g++ PIC flag -fPIC -DPIC works
configure:15452: g++ -c -g -O2  -fPIC -DPIC -DPIC conftest.cpp >&5
configure:15456: $? = 0
configure:15469: result: yes
configure:15492: checking if g++ static flag -static works
configure:15520: result: no
configure:15532: checking if g++ supports -c -o file.o
configure:15553: g++ -c -g -O2  -o out/conftest2.o conftest.cpp >&5
configure:15557: $? = 0
configure:15579: result: yes
configure:15584: checking if g++ supports -c -o file.o
configure:15631: result: yes
configure:15661: checking whether the g++ linker (/usr/bin/ld -m elf_x86_64) supports shared libraries
configure:15704: result: yes
configure:15845: checking dynamic linker characteristics
configure:16602: result: GNU/Linux ld.so
configure:16667: checking how to hardcode library paths into programs
configure:16692: result: immediate
configure:16733: checking whether ln -s works
configure:16737: result: yes
configure:16744: checking whether make sets $(MAKE)
configure:16766: result: yes
configure:16779: checking for rpmbuild
configure:16809: result: no
configure:16849: checking for ANSI C header files
configure:16953: result: yes
configure:16964: checking for stdint.h
configure:16964: result: yes
configure:16964: checking for inttypes.h
configure:16964: result: yes
configure:16976: checking mathf.h usability
configure:16976: gcc -c -g -O2  conftest.c >&5
conftest.c:59:10: fatal error: mathf.h: No such file or directory
 #include <mathf.h>
          ^~~~~~~~~
compilation terminated.
configure:16976: $? = 1
configure: failed program was:
| /* confdefs.h */
| #define PACKAGE_NAME "faad2"
| #define PACKAGE_TARNAME "faad2"
| #define PACKAGE_VERSION "2.8.8"
| #define PACKAGE_STRING "faad2 2.8.8"
| #define PACKAGE_BUGREPORT ""
| #define PACKAGE_URL ""
| #define PACKAGE "faad2"
| #define VERSION "2.8.8"
| #define STDC_HEADERS 1
| #define HAVE_SYS_TYPES_H 1
| #define HAVE_SYS_STAT_H 1
| #define HAVE_STDLIB_H 1
| #define HAVE_STRING_H 1
| #define HAVE_MEMORY_H 1
| #define HAVE_STRINGS_H 1
| #define HAVE_INTTYPES_H 1
| #define HAVE_STDINT_H 1
| #define HAVE_UNISTD_H 1
| #define HAVE_DLFCN_H 1
| #define LT_OBJDIR ".libs/"
| #define STDC_HEADERS 1
| #define HAVE_STDINT_H 1
| #define HAVE_INTTYPES_H 1
| /* end confdefs.h.  */
| #include <stdio.h>
| #ifdef HAVE_SYS_TYPES_H
| # include <sys/types.h>
| #endif
| #ifdef HAVE_SYS_STAT_H
| # include <sys/stat.h>
| #endif
| #ifdef STDC_HEADERS
| # include <stdlib.h>
| # include <stddef.h>
| #else
| # ifdef HAVE_STDLIB_H
| #  include <stdlib.h>
| # endif
| #endif
| #ifdef HAVE_STRING_H
| # if !defined STDC_HEADERS && defined HAVE_MEMORY_H
| #  include <memory.h>
| # endif
| # include <string.h>
| #endif
| #ifdef HAVE_STRINGS_H
| # include <strings.h>
| #endif
| #ifdef HAVE_INTTYPES_H
| # include <inttypes.h>
| #endif
| #ifdef HAVE_STDINT_H
| # include <stdint.h>
| #endif
| #ifdef HAVE_UNISTD_H
| # include <unistd.h>
| #endif
| #include <mathf.h>
configure:16976: result: no
configure:16976: checking mathf.h presence
configure:16976: gcc -E  conftest.c
conftest.c:26:10: fatal error: mathf.h: No such file or directory
 #include <mathf.h>
          ^~~~~~~~~
compilation terminated.
configure:16976: $? = 1
configure: failed program was:
| /* confdefs.h */
| #define PACKAGE_NAME "faad2"
| #define PACKAGE_TARNAME "faad2"
| #define PACKAGE_VERSION "2.8.8"
| #define PACKAGE_STRING "faad2 2.8.8"
| #define PACKAGE_BUGREPORT ""
| #define PACKAGE_URL ""
| #define PACKAGE "faad2"
| #define VERSION "2.8.8"
| #define STDC_HEADERS 1
| #define HAVE_SYS_TYPES_H 1
| #define HAVE_SYS_STAT_H 1
| #define HAVE_STDLIB_H 1
| #define HAVE_STRING_H 1
| #define HAVE_MEMORY_H 1
| #define HAVE_STRINGS_H 1
| #define HAVE_INTTYPES_H 1
| #define HAVE_STDINT_H 1
| #define HAVE_UNISTD_H 1
| #define HAVE_DLFCN_H 1
| #define LT_OBJDIR ".libs/"
| #define STDC_HEADERS 1
| #define HAVE_STDINT_H 1
| #define HAVE_INTTYPES_H 1
| /* end confdefs.h.  */
| #include <mathf.h>
configure:16976: result: no
configure:16976: checking for mathf.h
configure:16976: result: no
configure:16988: checking float.h usability
configure:16988: gcc -c -g -O2  conftest.c >&5
configure:16988: $? = 0
configure:16988: result: yes
configure:16988: checking float.h presence
configure:16988: gcc -E  conftest.c
configure:16988: $? = 0
configure:16988: result: yes
configure:16988: checking for float.h
configure:16988: result: yes
configure:17001: checking for strchr
configure:17001: gcc -o conftest -g -O2   conftest.c  >&5
conftest.c:50:6: warning: conflicting types for built-in function 'strchr' [-Wbuiltin-declaration-mismatch]
 char strchr ();
      ^~~~~~
configure:17001: $? = 0
configure:17001: result: yes
configure:17001: checking for memcpy
configure:17001: gcc -o conftest -g -O2   conftest.c  >&5
conftest.c:51:6: warning: conflicting types for built-in function 'memcpy' [-Wbuiltin-declaration-mismatch]
 char memcpy ();
      ^~~~~~
configure:17001: $? = 0
configure:17001: result: yes
configure:17012: checking sys/time.h usability
configure:17012: gcc -c -g -O2  conftest.c >&5
configure:17012: $? = 0
configure:17012: result: yes
configure:17012: checking sys/time.h presence
configure:17012: gcc -E  conftest.c
configure:17012: $? = 0
configure:17012: result: yes
configure:17012: checking for sys/time.h
configure:17012: result: yes
configure:17022: checking whether time.h and sys/time.h may both be included
configure:17042: gcc -c -g -O2  conftest.c >&5
configure:17042: $? = 0
configure:17049: result: yes
configure:17061: checking errno.h usability
configure:17061: gcc -c -g -O2  conftest.c >&5
configure:17061: $? = 0
configure:17061: result: yes
configure:17061: checking errno.h presence
configure:17061: gcc -E  conftest.c
configure:17061: $? = 0
configure:17061: result: yes
configure:17061: checking for errno.h
configure:17061: result: yes
configure:17061: checking for sys/stat.h
configure:17061: result: yes
configure:17061: checking for sys/types.h
configure:17061: result: yes
configure:17061: checking limits.h usability
configure:17061: gcc -c -g -O2  conftest.c >&5
configure:17061: $? = 0
configure:17061: result: yes
configure:17061: checking limits.h presence
configure:17061: gcc -E  conftest.c
configure:17061: $? = 0
configure:17061: result: yes
configure:17061: checking for limits.h
configure:17061: result: yes
configure:17073: checking sysfs/libsysfs.h usability
configure:17073: gcc -c -g -O2  conftest.c >&5
conftest.c:68:10: fatal error: sysfs/libsysfs.h: No such file or directory
 #include <sysfs/libsysfs.h>
          ^~~~~~~~~~~~~~~~~~
compilation terminated.
configure:17073: $? = 1
configure: failed program was:
| /* confdefs.h */
| #define PACKAGE_NAME "faad2"
| #define PACKAGE_TARNAME "faad2"
| #define PACKAGE_VERSION "2.8.8"
| #define PACKAGE_STRING "faad2 2.8.8"
| #define PACKAGE_BUGREPORT ""
| #define PACKAGE_URL ""
| #define PACKAGE "faad2"
| #define VERSION "2.8.8"
| #define STDC_HEADERS 1
| #define HAVE_SYS_TYPES_H 1
| #define HAVE_SYS_STAT_H 1
| #define HAVE_STDLIB_H 1
| #define HAVE_STRING_H 1
| #define HAVE_MEMORY_H 1
| #define HAVE_STRINGS_H 1
| #define HAVE_INTTYPES_H 1
| #define HAVE_STDINT_H 1
| #define HAVE_UNISTD_H 1
| #define HAVE_DLFCN_H 1
| #define LT_OBJDIR ".libs/"
| #define STDC_HEADERS 1
| #define HAVE_STDINT_H 1
| #define HAVE_INTTYPES_H 1
| #define HAVE_FLOAT_H 1
| #define HAVE_STRCHR 1
| #define HAVE_MEMCPY 1
| #define HAVE_SYS_TIME_H 1
| #define TIME_WITH_SYS_TIME 1
| #define HAVE_ERRNO_H 1
| #define HAVE_SYS_STAT_H 1
| #define HAVE_SYS_TYPES_H 1
| #define HAVE_LIMITS_H 1
| /* end confdefs.h.  */
| #include <stdio.h>
| #ifdef HAVE_SYS_TYPES_H
| # include <sys/types.h>
| #endif
| #ifdef HAVE_SYS_STAT_H
| # include <sys/stat.h>
| #endif
| #ifdef STDC_HEADERS
| # include <stdlib.h>
| # include <stddef.h>
| #else
| # ifdef HAVE_STDLIB_H
| #  include <stdlib.h>
| # endif
| #endif
| #ifdef HAVE_STRING_H
| # if !defined STDC_HEADERS && defined HAVE_MEMORY_H
| #  include <memory.h>
| # endif
| # include <string.h>
| #endif
| #ifdef HAVE_STRINGS_H
| # include <strings.h>
| #endif
| #ifdef HAVE_INTTYPES_H
| # include <inttypes.h>
| #endif
| #ifdef HAVE_STDINT_H
| # include <stdint.h>
| #endif
| #ifdef HAVE_UNISTD_H
| # include <unistd.h>
| #endif
| #include <sysfs/libsysfs.h>
configure:17073: result: no
configure:17073: checking sysfs/libsysfs.h presence
configure:17073: gcc -E  conftest.c
conftest.c:35:10: fatal error: sysfs/libsysfs.h: No such file or directory
 #include <sysfs/libsysfs.h>
          ^~~~~~~~~~~~~~~~~~
compilation terminated.
configure:17073: $? = 1
configure: failed program was:
| /* confdefs.h */
| #define PACKAGE_NAME "faad2"
| #define PACKAGE_TARNAME "faad2"
| #define PACKAGE_VERSION "2.8.8"
| #define PACKAGE_STRING "faad2 2.8.8"
| #define PACKAGE_BUGREPORT ""
| #define PACKAGE_URL ""
| #define PACKAGE "faad2"
| #define VERSION "2.8.8"
| #define STDC_HEADERS 1
| #define HAVE_SYS_TYPES_H 1
| #define HAVE_SYS_STAT_H 1
| #define HAVE_STDLIB_H 1
| #define HAVE_STRING_H 1
| #define HAVE_MEMORY_H 1
| #define HAVE_STRINGS_H 1
| #define HAVE_INTTYPES_H 1
| #define HAVE_STDINT_H 1
| #define HAVE_UNISTD_H 1
| #define HAVE_DLFCN_H 1
| #define LT_OBJDIR ".libs/"
| #define STDC_HEADERS 1
| #define HAVE_STDINT_H 1
| #define HAVE_INTTYPES_H 1
| #define HAVE_FLOAT_H 1
| #define HAVE_STRCHR 1
| #define HAVE_MEMCPY 1
| #define HAVE_SYS_TIME_H 1
| #define TIME_WITH_SYS_TIME 1
| #define HAVE_ERRNO_H 1
| #define HAVE_SYS_STAT_H 1
| #define HAVE_SYS_TYPES_H 1
| #define HAVE_LIMITS_H 1
| /* end confdefs.h.  */
| #include <sysfs/libsysfs.h>
configure:17073: result: no
configure:17073: checking for sysfs/libsysfs.h
configure:17073: result: no
configure:17085: checking IOKit/IOKitLib.h usability
configure:17085: gcc -c -g -O2  conftest.c >&5
conftest.c:68:10: fatal error: IOKit/IOKitLib.h: No such file or directory
 #include <IOKit/IOKitLib.h>
          ^~~~~~~~~~~~~~~~~~
compilation terminated.
configure:17085: $? = 1
configure: failed program was:
| /* confdefs.h */
| #define PACKAGE_NAME "faad2"
| #define PACKAGE_TARNAME "faad2"
| #define PACKAGE_VERSION "2.8.8"
| #define PACKAGE_STRING "faad2 2.8.8"
| #define PACKAGE_BUGREPORT ""
| #define PACKAGE_URL ""
| #define PACKAGE "faad2"
| #define VERSION "2.8.8"
| #define STDC_HEADERS 1
| #define HAVE_SYS_TYPES_H 1
| #define HAVE_SYS_STAT_H 1
| #define HAVE_STDLIB_H 1
| #define HAVE_STRING_H 1
| #define HAVE_MEMORY_H 1
| #define HAVE_STRINGS_H 1
| #define HAVE_INTTYPES_H 1
| #define HAVE_STDINT_H 1
| #define HAVE_UNISTD_H 1
| #define HAVE_DLFCN_H 1
| #define LT_OBJDIR ".libs/"
| #define STDC_HEADERS 1
| #define HAVE_STDINT_H 1
| #define HAVE_INTTYPES_H 1
| #define HAVE_FLOAT_H 1
| #define HAVE_STRCHR 1
| #define HAVE_MEMCPY 1
| #define HAVE_SYS_TIME_H 1
| #define TIME_WITH_SYS_TIME 1
| #define HAVE_ERRNO_H 1
| #define HAVE_SYS_STAT_H 1
| #define HAVE_SYS_TYPES_H 1
| #define HAVE_LIMITS_H 1
| /* end confdefs.h.  */
| #include <stdio.h>
| #ifdef HAVE_SYS_TYPES_H
| # include <sys/types.h>
| #endif
| #ifdef HAVE_SYS_STAT_H
| # include <sys/stat.h>
| #endif
| #ifdef STDC_HEADERS
| # include <stdlib.h>
| # include <stddef.h>
| #else
| # ifdef HAVE_STDLIB_H
| #  include <stdlib.h>
| # endif
| #endif
| #ifdef HAVE_STRING_H
| # if !defined STDC_HEADERS && defined HAVE_MEMORY_H
| #  include <memory.h>
| # endif
| # include <string.h>
| #endif
| #ifdef HAVE_STRINGS_H
| # include <strings.h>
| #endif
| #ifdef HAVE_INTTYPES_H
| # include <inttypes.h>
| #endif
| #ifdef HAVE_STDINT_H
| # include <stdint.h>
| #endif
| #ifdef HAVE_UNISTD_H
| # include <unistd.h>
| #endif
| #include <IOKit/IOKitLib.h>
configure:17085: result: no
configure:17085: checking IOKit/IOKitLib.h presence
configure:17085: gcc -E  conftest.c
conftest.c:35:10: fatal error: IOKit/IOKitLib.h: No such file or directory
 #include <IOKit/IOKitLib.h>
          ^~~~~~~~~~~~~~~~~~
compilation terminated.
configure:17085: $? = 1
configure: failed program was:
| /* confdefs.h */
| #define PACKAGE_NAME "faad2"
| #define PACKAGE_TARNAME "faad2"
| #define PACKAGE_VERSION "2.8.8"
| #define PACKAGE_STRING "faad2 2.8.8"
| #define PACKAGE_BUGREPORT ""
| #define PACKAGE_URL ""
| #define PACKAGE "faad2"
| #define VERSION "2.8.8"
| #define STDC_HEADERS 1
| #define HAVE_SYS_TYPES_H 1
| #define HAVE_SYS_STAT_H 1
| #define HAVE_STDLIB_H 1
| #define HAVE_STRING_H 1
| #define HAVE_MEMORY_H 1
| #define HAVE_STRINGS_H 1
| #define HAVE_INTTYPES_H 1
| #define HAVE_STDINT_H 1
| #define HAVE_UNISTD_H 1
| #define HAVE_DLFCN_H 1
| #define LT_OBJDIR ".libs/"
| #define STDC_HEADERS 1
| #define HAVE_STDINT_H 1
| #define HAVE_INTTYPES_H 1
| #define HAVE_FLOAT_H 1
| #define HAVE_STRCHR 1
| #define HAVE_MEMCPY 1
| #define HAVE_SYS_TIME_H 1
| #define TIME_WITH_SYS_TIME 1
| #define HAVE_ERRNO_H 1
| #define HAVE_SYS_STAT_H 1
| #define HAVE_SYS_TYPES_H 1
| #define HAVE_LIMITS_H 1
| /* end confdefs.h.  */
| #include <IOKit/IOKitLib.h>
configure:17085: result: no
configure:17085: checking for IOKit/IOKitLib.h
configure:17085: result: no
configure:17134: checking for getpwuid
configure:17134: gcc -o conftest -g -O2   conftest.c  >&5
configure:17134: $? = 0
configure:17134: result: yes
configure:17144: checking for inline
configure:17160: gcc -c -g -O2  conftest.c >&5
configure:17160: $? = 0
configure:17168: result: inline
configure:17186: checking whether byte ordering is bigendian
configure:17201: gcc -c -g -O2  conftest.c >&5
conftest.c:37:9: error: unknown type name 'not'
         not a universal capable compiler
         ^~~
conftest.c:37:15: error: expected '=', ',', ';', 'asm' or '__attribute__' before 'universal'
         not a universal capable compiler
               ^~~~~~~~~
conftest.c:37:15: error: unknown type name 'universal'
configure:17201: $? = 1
configure: failed program was:
| /* confdefs.h */
| #define PACKAGE_NAME "faad2"
| #define PACKAGE_TARNAME "faad2"
| #define PACKAGE_VERSION "2.8.8"
| #define PACKAGE_STRING "faad2 2.8.8"
| #define PACKAGE_BUGREPORT ""
| #define PACKAGE_URL ""
| #define PACKAGE "faad2"
| #define VERSION "2.8.8"
| #define STDC_HEADERS 1
| #define HAVE_SYS_TYPES_H 1
| #define HAVE_SYS_STAT_H 1
| #define HAVE_STDLIB_H 1
| #define HAVE_STRING_H 1
| #define HAVE_MEMORY_H 1
| #define HAVE_STRINGS_H 1
| #define HAVE_INTTYPES_H 1
| #define HAVE_STDINT_H 1
| #define HAVE_UNISTD_H 1
| #define HAVE_DLFCN_H 1
| #define LT_OBJDIR ".libs/"
| #define STDC_HEADERS 1
| #define HAVE_STDINT_H 1
| #define HAVE_INTTYPES_H 1
| #define HAVE_FLOAT_H 1
| #define HAVE_STRCHR 1
| #define HAVE_MEMCPY 1
| #define HAVE_SYS_TIME_H 1
| #define TIME_WITH_SYS_TIME 1
| #define HAVE_ERRNO_H 1
| #define HAVE_SYS_STAT_H 1
| #define HAVE_SYS_TYPES_H 1
| #define HAVE_LIMITS_H 1
| #define HAVE_GETPWUID 1
| /* end confdefs.h.  */
| #ifndef __APPLE_CC__
| 	       not a universal capable compiler
| 	     #endif
| 	     typedef int dummy;
| 
configure:17246: gcc -c -g -O2  conftest.c >&5
configure:17246: $? = 0
configure:17264: gcc -c -g -O2  conftest.c >&5
conftest.c: In function 'main':
conftest.c:43:4: error: unknown type name 'not'; did you mean 'ino_t'?
    not big endian
    ^~~
    ino_t
conftest.c:43:12: error: expected '=', ',', ';', 'asm' or '__attribute__' before 'endian'
    not big endian
            ^~~~~~
configure:17264: $? = 1
configure: failed program was:
| /* confdefs.h */
| #define PACKAGE_NAME "faad2"
| #define PACKAGE_TARNAME "faad2"
| #define PACKAGE_VERSION "2.8.8"
| #define PACKAGE_STRING "faad2 2.8.8"
| #define PACKAGE_BUGREPORT ""
| #define PACKAGE_URL ""
| #define PACKAGE "faad2"
| #define VERSION "2.8.8"
| #define STDC_HEADERS 1
| #define HAVE_SYS_TYPES_H 1
| #define HAVE_SYS_STAT_H 1
| #define HAVE_STDLIB_H 1
| #define HAVE_STRING_H 1
| #define HAVE_MEMORY_H 1
| #define HAVE_STRINGS_H 1
| #define HAVE_INTTYPES_H 1
| #define HAVE_STDINT_H 1
| #define HAVE_UNISTD_H 1
| #define HAVE_DLFCN_H 1
| #define LT_OBJDIR ".libs/"
| #define STDC_HEADERS 1
| #define HAVE_STDINT_H 1
| #define HAVE_INTTYPES_H 1
| #define HAVE_FLOAT_H 1
| #define HAVE_STRCHR 1
| #define HAVE_MEMCPY 1
| #define HAVE_SYS_TIME_H 1
| #define TIME_WITH_SYS_TIME 1
| #define HAVE_ERRNO_H 1
| #define HAVE_SYS_STAT_H 1
| #define HAVE_SYS_TYPES_H 1
| #define HAVE_LIMITS_H 1
| #define HAVE_GETPWUID 1
| /* end confdefs.h.  */
| #include <sys/types.h>
| 		#include <sys/param.h>
| 
| int
| main ()
| {
| #if BYTE_ORDER != BIG_ENDIAN
| 		 not big endian
| 		#endif
| 
|   ;
|   return 0;
| }
configure:17392: result: no
configure:17411: checking for off_t
configure:17411: gcc -c -g -O2  conftest.c >&5
configure:17411: $? = 0
configure:17411: gcc -c -g -O2  conftest.c >&5
conftest.c: In function 'main':
conftest.c:72:20: error: expected expression before ')' token
 if (sizeof ((off_t)))
                    ^
configure:17411: $? = 1
configure: failed program was:
| /* confdefs.h */
| #define PACKAGE_NAME "faad2"
| #define PACKAGE_TARNAME "faad2"
| #define PACKAGE_VERSION "2.8.8"
| #define PACKAGE_STRING "faad2 2.8.8"
| #define PACKAGE_BUGREPORT ""
| #define PACKAGE_URL ""
| #define PACKAGE "faad2"
| #define VERSION "2.8.8"
| #define STDC_HEADERS 1
| #define HAVE_SYS_TYPES_H 1
| #define HAVE_SYS_STAT_H 1
| #define HAVE_STDLIB_H 1
| #define HAVE_STRING_H 1
| #define HAVE_MEMORY_H 1
| #define HAVE_STRINGS_H 1
| #define HAVE_INTTYPES_H 1
| #define HAVE_STDINT_H 1
| #define HAVE_UNISTD_H 1
| #define HAVE_DLFCN_H 1
| #define LT_OBJDIR ".libs/"
| #define STDC_HEADERS 1
| #define HAVE_STDINT_H 1
| #define HAVE_INTTYPES_H 1
| #define HAVE_FLOAT_H 1
| #define HAVE_STRCHR 1
| #define HAVE_MEMCPY 1
| #define HAVE_SYS_TIME_H 1
| #define TIME_WITH_SYS_TIME 1
| #define HAVE_ERRNO_H 1
| #define HAVE_SYS_STAT_H 1
| #define HAVE_SYS_TYPES_H 1
| #define HAVE_LIMITS_H 1
| #define HAVE_GETPWUID 1
| /* end confdefs.h.  */
| #include <stdio.h>
| #ifdef HAVE_SYS_TYPES_H
| # include <sys/types.h>
| #endif
| #ifdef HAVE_SYS_STAT_H
| # include <sys/stat.h>
| #endif
| #ifdef STDC_HEADERS
| # include <stdlib.h>
| # include <stddef.h>
| #else
| # ifdef HAVE_STDLIB_H
| #  include <stdlib.h>
| # endif
| #endif
| #ifdef HAVE_STRING_H
| # if !defined STDC_HEADERS && defined HAVE_MEMORY_H
| #  include <memory.h>
| # endif
| # include <string.h>
| #endif
| #ifdef HAVE_STRINGS_H
| # include <strings.h>
| #endif
| #ifdef HAVE_INTTYPES_H
| # include <inttypes.h>
| #endif
| #ifdef HAVE_STDINT_H
| # include <stdint.h>
| #endif
| #ifdef HAVE_UNISTD_H
| # include <unistd.h>
| #endif
| int
| main ()
| {
| if (sizeof ((off_t)))
| 	    return 0;
|   ;
|   return 0;
| }
configure:17411: result: yes
configure:17426: checking for lrintf
configure:17452: gcc -o conftest -O -lm   conftest.c  >&5
configure:17452: $? = 0
configure:17464: result: yes
configure:17475: checking for float32_t temp
configure:17489: gcc -c -g -O2  conftest.c >&5
conftest.c:37:23: warning: extra tokens at end of #include directive
 #include <sys/types.h>,
                       ^
conftest.c:38:18: fatal error: sys/float.h: No such file or directory
         #include <sys/float.h>
                  ^~~~~~~~~~~~~
compilation terminated.
configure:17489: $? = 1
configure: failed program was:
| /* confdefs.h */
| #define PACKAGE_NAME "faad2"
| #define PACKAGE_TARNAME "faad2"
| #define PACKAGE_VERSION "2.8.8"
| #define PACKAGE_STRING "faad2 2.8.8"
| #define PACKAGE_BUGREPORT ""
| #define PACKAGE_URL ""
| #define PACKAGE "faad2"
| #define VERSION "2.8.8"
| #define STDC_HEADERS 1
| #define HAVE_SYS_TYPES_H 1
| #define HAVE_SYS_STAT_H 1
| #define HAVE_STDLIB_H 1
| #define HAVE_STRING_H 1
| #define HAVE_MEMORY_H 1
| #define HAVE_STRINGS_H 1
| #define HAVE_INTTYPES_H 1
| #define HAVE_STDINT_H 1
| #define HAVE_UNISTD_H 1
| #define HAVE_DLFCN_H 1
| #define LT_OBJDIR ".libs/"
| #define STDC_HEADERS 1
| #define HAVE_STDINT_H 1
| #define HAVE_INTTYPES_H 1
| #define HAVE_FLOAT_H 1
| #define HAVE_STRCHR 1
| #define HAVE_MEMCPY 1
| #define HAVE_SYS_TIME_H 1
| #define TIME_WITH_SYS_TIME 1
| #define HAVE_ERRNO_H 1
| #define HAVE_SYS_STAT_H 1
| #define HAVE_SYS_TYPES_H 1
| #define HAVE_LIMITS_H 1
| #define HAVE_GETPWUID 1
| #define HAVE_LRINTF 1
| /* end confdefs.h.  */
| #include <sys/types.h>,
|         #include <sys/float.h>
| int
| main ()
| {
| float32_t temp;
|   ;
|   return 0;
| }
configure:17502: result: no
configure:17509: checking for strsep
configure:17509: gcc -o conftest -g -O2   conftest.c  >&5
configure:17509: $? = 0
configure:17509: result: yes
configure:17521: checking for mpeg4ip-config
configure:17549: result: no
configure:17702: no xmms build configured
configure:17853: checking that generated files are newer than configure
configure:17859: result: done
configure:17907: creating ./config.status

## ---------------------- ##
## Running config.status. ##
## ---------------------- ##

This file was extended by faad2 config.status 2.8.8, which was
generated by GNU Autoconf 2.69.  Invocation command line was

  CONFIG_FILES    = 
  CONFIG_HEADERS  = 
  CONFIG_LINKS    = 
  CONFIG_COMMANDS = 
  $ ./config.status 

on localhost.localdomain

config.status:1181: creating libfaad/Makefile
config.status:1181: creating common/Makefile
config.status:1181: creating common/mp4ff/Makefile
config.status:1181: creating plugins/Makefile
config.status:1181: creating plugins/xmms/Makefile
config.status:1181: creating plugins/xmms/src/Makefile
config.status:1181: creating plugins/mpeg4ip/Makefile
config.status:1181: creating faad2.spec
config.status:1181: creating frontend/Makefile
config.status:1181: creating Makefile
config.status:1181: creating config.h
config.status:1410: executing depfiles commands
config.status:1410: executing libtool commands

## ---------------- ##
## Cache variables. ##
## ---------------- ##

ac_cv_build=x86_64-pc-linux-gnu
ac_cv_c99_lrintf=yes
ac_cv_c_bigendian=no
ac_cv_c_compiler_gnu=yes
ac_cv_c_inline=inline
ac_cv_cxx_compiler_gnu=yes
ac_cv_env_CCC_set=
ac_cv_env_CCC_value=
ac_cv_env_CC_set=
ac_cv_env_CC_value=
ac_cv_env_CFLAGS_set=
ac_cv_env_CFLAGS_value=
ac_cv_env_CPPFLAGS_set=
ac_cv_env_CPPFLAGS_value=
ac_cv_env_CPP_set=
ac_cv_env_CPP_value=
ac_cv_env_CXXCPP_set=
ac_cv_env_CXXCPP_value=
ac_cv_env_CXXFLAGS_set=
ac_cv_env_CXXFLAGS_value=
ac_cv_env_CXX_set=
ac_cv_env_CXX_value=
ac_cv_env_LDFLAGS_set=
ac_cv_env_LDFLAGS_value=
ac_cv_env_LIBS_set=
ac_cv_env_LIBS_value=
ac_cv_env_LT_SYS_LIBRARY_PATH_set=
ac_cv_env_LT_SYS_LIBRARY_PATH_value=
ac_cv_env_build_alias_set=
ac_cv_env_build_alias_value=
ac_cv_env_host_alias_set=
ac_cv_env_host_alias_value=
ac_cv_env_target_alias_set=
ac_cv_env_target_alias_value=
ac_cv_func_getpwuid=yes
ac_cv_func_memcpy=yes
ac_cv_func_strchr=yes
ac_cv_func_strsep=yes
ac_cv_header_IOKit_IOKitLib_h=no
ac_cv_header_dlfcn_h=yes
ac_cv_header_errno_h=yes
ac_cv_header_float_h=yes
ac_cv_header_inttypes_h=yes
ac_cv_header_limits_h=yes
ac_cv_header_mathf_h=no
ac_cv_header_memory_h=yes
ac_cv_header_stdc=yes
ac_cv_header_stdint_h=yes
ac_cv_header_stdlib_h=yes
ac_cv_header_string_h=yes
ac_cv_header_strings_h=yes
ac_cv_header_sys_stat_h=yes
ac_cv_header_sys_time_h=yes
ac_cv_header_sys_types_h=yes
ac_cv_header_sysfs_libsysfs_h=no
ac_cv_header_time=yes
ac_cv_header_unistd_h=yes
ac_cv_host=x86_64-pc-linux-gnu
ac_cv_objext=o
ac_cv_path_EGREP='/usr/bin/grep -E'
ac_cv_path_FGREP='/usr/bin/grep -F'
ac_cv_path_GREP=/usr/bin/grep
ac_cv_path_SED=/usr/bin/sed
ac_cv_path_install='/usr/bin/install -c'
ac_cv_path_lt_DD=/usr/bin/dd
ac_cv_path_mkdir=/usr/bin/mkdir
ac_cv_prog_AWK=gawk
ac_cv_prog_CPP='gcc -E'
ac_cv_prog_CXXCPP='g++ -E'
ac_cv_prog_ac_ct_AR=ar
ac_cv_prog_ac_ct_CC=gcc
ac_cv_prog_ac_ct_CXX=g++
ac_cv_prog_ac_ct_OBJDUMP=objdump
ac_cv_prog_ac_ct_RANLIB=ranlib
ac_cv_prog_ac_ct_STRIP=strip
ac_cv_prog_cc_c89=
ac_cv_prog_cc_g=yes
ac_cv_prog_cxx_g=yes
ac_cv_prog_external_mp4v2=no
ac_cv_prog_make_make_set=yes
ac_cv_type_off_t=yes
am_cv_CC_dependencies_compiler_type=gcc3
am_cv_CXX_dependencies_compiler_type=gcc3
am_cv_make_support_nested_variables=yes
am_cv_prog_cc_c_o=yes
lt_cv_ar_at_file=@
lt_cv_archive_cmds_need_lc=no
lt_cv_deplibs_check_method=pass_all
lt_cv_file_magic_cmd='$MAGIC_CMD'
lt_cv_file_magic_test_file=
lt_cv_ld_reload_flag=-r
lt_cv_nm_interface='BSD nm'
lt_cv_objdir=.libs
lt_cv_path_LD=/usr/bin/ld
lt_cv_path_LDCXX='/usr/bin/ld -m elf_x86_64'
lt_cv_path_NM='/usr/bin/nm -B'
lt_cv_path_mainfest_tool=no
lt_cv_prog_compiler_c_o=yes
lt_cv_prog_compiler_c_o_CXX=yes
lt_cv_prog_compiler_pic='-fPIC -DPIC'
lt_cv_prog_compiler_pic_CXX='-fPIC -DPIC'
lt_cv_prog_compiler_pic_works=yes
lt_cv_prog_compiler_pic_works_CXX=yes
lt_cv_prog_compiler_rtti_exceptions=no
lt_cv_prog_compiler_static_works=no
lt_cv_prog_compiler_static_works_CXX=no
lt_cv_prog_gnu_ld=yes
lt_cv_prog_gnu_ldcxx=yes
lt_cv_sharedlib_from_linklib_cmd='printf %s\n'
lt_cv_shlibpath_overrides_runpath=no
lt_cv_sys_global_symbol_pipe='sed -n -e '\''s/^.*[	 ]\([ABCDGIRSTW][ABCDGIRSTW]*\)[	 ][	 ]*\([_A-Za-z][_A-Za-z0-9]*\)$/\1 \2 \2/p'\'' | sed '\''/ __gnu_lto/d'\'''
lt_cv_sys_global_symbol_to_c_name_address='sed -n -e '\''s/^: \(.*\) .*$/  {"\1", (void *) 0},/p'\'' -e '\''s/^[ABCDGIRSTW][ABCDGIRSTW]* .* \(.*\)$/  {"\1", (void *) \&\1},/p'\'''
lt_cv_sys_global_symbol_to_c_name_address_lib_prefix='sed -n -e '\''s/^: \(.*\) .*$/  {"\1", (void *) 0},/p'\'' -e '\''s/^[ABCDGIRSTW][ABCDGIRSTW]* .* \(lib.*\)$/  {"\1", (void *) \&\1},/p'\'' -e '\''s/^[ABCDGIRSTW][ABCDGIRSTW]* .* \(.*\)$/  {"lib\1", (void *) \&\1},/p'\'''
lt_cv_sys_global_symbol_to_cdecl='sed -n -e '\''s/^T .* \(.*\)$/extern int \1();/p'\'' -e '\''s/^[ABCDGIRSTW][ABCDGIRSTW]* .* \(.*\)$/extern char \1;/p'\'''
lt_cv_sys_global_symbol_to_import=
lt_cv_sys_max_cmd_len=1572864
lt_cv_to_host_file_cmd=func_convert_file_noop
lt_cv_to_tool_file_cmd=func_convert_file_noop
lt_cv_truncate_bin='/usr/bin/dd bs=4096 count=1'

## ----------------- ##
## Output variables. ##
## ----------------- ##

ACLOCAL='${SHELL} /usr/shared/sdr-j-development/systems/swradio-8/faad2-2.8.8/missing aclocal-1.15'
AMDEPBACKSLASH='\'
AMDEP_FALSE='#'
AMDEP_TRUE=''
AMTAR='$${TAR-tar}'
AM_BACKSLASH='\'
AM_DEFAULT_V='$(AM_DEFAULT_VERBOSITY)'
AM_DEFAULT_VERBOSITY='1'
AM_V='$(V)'
AR='ar'
AUTOCONF='${SHELL} /usr/shared/sdr-j-development/systems/swradio-8/faad2-2.8.8/missing autoconf'
AUTOHEADER='${SHELL} /usr/shared/sdr-j-development/systems/swradio-8/faad2-2.8.8/missing autoheader'
AUTOMAKE='${SHELL} /usr/shared/sdr-j-development/systems/swradio-8/faad2-2.8.8/missing automake-1.15'
AWK='gawk'
CC='gcc'
CCDEPMODE='depmode=gcc3'
CFLAGS='-g -O2'
CPP='gcc -E'
CPPFLAGS=''
CXX='g++'
CXXCPP='g++ -E'
CXXDEPMODE='depmode=gcc3'
CXXFLAGS='-g -O2'
CYGPATH_W='echo'
DEFS='-DHAVE_CONFIG_H'
DEPDIR='.deps'
DLLTOOL='false'
DSYMUTIL=''
DUMPBIN=''
ECHO_C=''
ECHO_N='-n'
ECHO_T=''
EGREP='/usr/bin/grep -E'
EXEEXT=''
FGREP='/usr/bin/grep -F'
GREP='/usr/bin/grep'
GTK_CONFIG=''
HAVE_MPEG4IP_PLUG_FALSE=''
HAVE_MPEG4IP_PLUG_TRUE='#'
HAVE_XMMS_FALSE=''
HAVE_XMMS_TRUE='#'
INSTALL_DATA='${INSTALL} -m 644'
INSTALL_PROGRAM='${INSTALL}'
INSTALL_SCRIPT='${INSTALL}'
INSTALL_STRIP_PROGRAM='$(install_sh) -c -s'
LD='/usr/bin/ld -m elf_x86_64'
LDFLAGS=''
LIBOBJS=''
LIBS=''
LIBTOOL='$(SHELL) $(top_builddir)/libtool'
LIBTOOL_DEPS='./ltmain.sh'
LIPO=''
LN_S='ln -s'
LTLIBOBJS=''
LT_SYS_LIBRARY_PATH=''
MAKEINFO='${SHELL} /usr/shared/sdr-j-development/systems/swradio-8/faad2-2.8.8/missing makeinfo'
MANIFEST_TOOL=':'
MKDIR_P='/usr/bin/mkdir -p'
MP4FF_LIBS=''
NM='/usr/bin/nm -B'
NMEDIT=''
OBJDUMP='objdump'
OBJEXT='o'
OTOOL64=''
OTOOL=''
PACKAGE='faad2'
PACKAGE_BUGREPORT=''
PACKAGE_NAME='faad2'
PACKAGE_STRING='faad2 2.8.8'
PACKAGE_TARNAME='faad2'
PACKAGE_URL=''
PACKAGE_VERSION='2.8.8'
PATH_SEPARATOR=':'
RANLIB='ranlib'
RPMBUILD='rpm'
SED='/usr/bin/sed'
SET_MAKE=''
SHELL='/bin/sh'
STRIP='strip'
VERSION='2.8.8'
XMMS_CONFIG=''
ac_ct_AR='ar'
ac_ct_CC='gcc'
ac_ct_CXX='g++'
ac_ct_DUMPBIN=''
am__EXEEXT_FALSE=''
am__EXEEXT_TRUE='#'
am__fastdepCC_FALSE='#'
am__fastdepCC_TRUE=''
am__fastdepCXX_FALSE='#'
am__fastdepCXX_TRUE=''
am__include='include'
am__isrc=''
am__leading_dot='.'
am__nodep='_no'
am__quote=''
am__tar='$${TAR-tar} chof - "$$tardir"'
am__untar='$${TAR-tar} xf -'
bindir='${exec_prefix}/bin'
build='x86_64-pc-linux-gnu'
build_alias=''
build_cpu='x86_64'
build_os='linux-gnu'
build_vendor='pc'
datadir='${datarootdir}'
datarootdir='${prefix}/share'
docdir='${datarootdir}/doc/${PACKAGE_TARNAME}'
dvidir='${docdir}'
exec_prefix='${prefix}'
external_mp4v2='no'
host='x86_64-pc-linux-gnu'
host_alias=''
host_cpu='x86_64'
host_os='linux-gnu'
host_vendor='pc'
htmldir='${docdir}'
includedir='${prefix}/include'
infodir='${datarootdir}/info'
install_sh='${SHELL} /usr/shared/sdr-j-development/systems/swradio-8/faad2-2.8.8/install-sh'
libdir='${exec_prefix}/lib'
libexecdir='${exec_prefix}/libexec'
localedir='${datarootdir}/locale'
localstatedir='${prefix}/var'
mandir='${datarootdir}/man'
mkdir_p='$(MKDIR_P)'
oldincludedir='/usr/include'
pdfdir='${docdir}'
prefix='/usr/local'
program_transform_name='s,x,x,'
psdir='${docdir}'
runstatedir='${localstatedir}/run'
sbindir='${exec_prefix}/sbin'
sharedstatedir='${prefix}/com'
sysconfdir='${prefix}/etc'
target_alias=''

## ----------- ##
## confdefs.h. ##
## ----------- ##

/* confdefs.h */
#define PACKAGE_NAME "faad2"
#define PACKAGE_TARNAME "faad2"
#define PACKAGE_VERSION "2.8.8"
#define PACKAGE_STRING "faad2 2.8.8"
#define PACKAGE_BUGREPORT ""
#define PACKAGE_URL ""
#define PACKAGE "faad2"
#define VERSION "2.8.8"
#define STDC_HEADERS 1
#define HAVE_SYS_TYPES_H 1
#define HAVE_SYS_STAT_H 1
#define HAVE_STDLIB_H 1
#define HAVE_STRING_H 1
#define HAVE_MEMORY_H 1
#define HAVE_STRINGS_H 1
#define HAVE_INTTYPES_H 1
#define HAVE_STDINT_H 1
#define HAVE_UNISTD_H 1
#define HAVE_DLFCN_H 1
#define LT_OBJDIR ".libs/"
#define STDC_HEADERS 1
#define HAVE_STDINT_H 1
#define HAVE_INTTYPES_H 1
#define HAVE_FLOAT_H 1
#define HAVE_STRCHR 1
#define HAVE_MEMCPY 1
#define HAVE_SYS_TIME_H 1
#define TIME_WITH_SYS_TIME 1
#define HAVE_ERRNO_H 1
#define HAVE_SYS_STAT_H 1
#define HAVE_SYS_TYPES_H 1
#define HAVE_LIMITS_H 1
#define HAVE_GETPWUID 1
#define HAVE_LRINTF 1
#define HAVE_STRSEP 1

configure: exit 0
