c:\users\jvank\source\repos\plugins\sdrunoplugin_drm\release\vc142.pdb
c:\users\jvank\source\repos\plugins\sdrunoplugin_drm\release\deinterleaver.obj
c:\users\jvank\source\repos\plugins\sdrunoplugin_drm\release\checkcrc.obj
c:\users\jvank\source\repos\plugins\sdrunoplugin_drm\release\drm-shifter.obj
c:\users\jvank\source\repos\plugins\sdrunoplugin_drm\release\correlator.obj
c:\users\jvank\source\repos\plugins\sdrunoplugin_drm\release\word-collector.obj
c:\users\jvank\source\repos\plugins\sdrunoplugin_drm\release\freqsyncer.obj
c:\users\jvank\source\repos\plugins\sdrunoplugin_drm\release\timesync.obj
c:\users\jvank\source\repos\plugins\sdrunoplugin_drm\release\reader.obj
c:\users\jvank\source\repos\plugins\sdrunoplugin_drm\release\puncture-tables.obj
c:\users\jvank\source\repos\plugins\sdrunoplugin_drm\release\state-descriptor.obj
c:\users\jvank\source\repos\plugins\sdrunoplugin_drm\release\basics.obj
c:\users\jvank\source\repos\plugins\sdrunoplugin_drm\release\lowpassfilter.obj
c:\users\jvank\source\repos\plugins\sdrunoplugin_drm\release\decimator-25.obj
c:\users\jvank\source\repos\plugins\sdrunoplugin_drm\release\utilities.obj
c:\users\jvank\source\repos\plugins\sdrunoplugin_drm\release\drm-bandfilter.obj
c:\users\jvank\source\repos\plugins\sdrunoplugin_drm\release\sdrunoplugin_drmui.obj
c:\users\jvank\source\repos\plugins\sdrunoplugin_drm\release\sdrunoplugin_drmproject.obj
c:\users\jvank\source\repos\plugins\sdrunoplugin_drm\release\sdrunoplugin_drmform.obj
c:\users\jvank\source\repos\plugins\sdrunoplugin_drm\release\sdrunoplugin_drm.obj
c:\users\jvank\source\repos\plugins\sdrunoplugin_drm\release\dllmain.obj
c:\users\jvank\source\repos\plugins\sdrunoplugin_drm\release\sdc-streamer.obj
c:\users\jvank\source\repos\plugins\sdrunoplugin_drm\release\sdc-processor.obj
c:\users\jvank\source\repos\plugins\sdrunoplugin_drm\release\fac-tables.obj
c:\users\jvank\source\repos\plugins\sdrunoplugin_drm\release\fac-processor.obj
c:\users\jvank\source\repos\plugins\sdrunoplugin_drm\release\matrix2.obj
c:\users\jvank\source\repos\plugins\sdrunoplugin_drm\release\referenceframe.obj
c:\users\jvank\source\repos\plugins\sdrunoplugin_drm\release\estimator-1.obj
c:\users\jvank\source\repos\plugins\sdrunoplugin_drm\release\equalizer-1.obj
c:\users\jvank\source\repos\plugins\sdrunoplugin_drm\release\equalizer-base.obj
c:\users\jvank\source\repos\plugins\sdrunoplugin_drm\release\fft-complex.obj
c:\users\jvank\source\repos\plugins\sdrunoplugin_drm\release\mer64-values.obj
c:\users\jvank\source\repos\plugins\sdrunoplugin_drm\release\mer16-values.obj
c:\users\jvank\source\repos\plugins\sdrunoplugin_drm\release\mer4-values.obj
c:\users\jvank\source\repos\plugins\sdrunoplugin_drm\release\viterbi-drm.obj
c:\users\jvank\source\repos\plugins\sdrunoplugin_drm\release\qam64-metrics.obj
c:\users\jvank\source\repos\plugins\sdrunoplugin_drm\release\qam4-metrics.obj
c:\users\jvank\source\repos\plugins\sdrunoplugin_drm\release\qam16-metrics.obj
c:\users\jvank\source\repos\plugins\sdrunoplugin_drm\release\protlevels.obj
c:\users\jvank\source\repos\plugins\sdrunoplugin_drm\release\prbs.obj
c:\users\jvank\source\repos\plugins\sdrunoplugin_drm\release\mapper.obj
c:\users\jvank\source\repos\plugins\sdrunoplugin_drm\release\up-filter.obj
c:\users\jvank\source\repos\plugins\sdrunoplugin_drm\release\message-processor.obj
c:\users\jvank\source\repos\plugins\sdrunoplugin_drm\release\aac-processor-faad.obj
c:\users\jvank\source\repos\plugins\sdrunoplugin_drm\release\data-processor.obj
c:\users\jvank\source\repos\plugins\sdrunoplugin_drm\release\lowpassfir.obj
c:\users\jvank\source\repos\plugins\sdrunoplugin_drm\release\msc-handler-qam64.obj
c:\users\jvank\source\repos\plugins\sdrunoplugin_drm\release\msc-handler-qam16.obj
c:\users\jvank\source\repos\plugins\sdrunoplugin_drm\release\msc-handler.obj
c:\users\jvank\source\repos\plugins\sdrunoplugin_drm\release\msc-streamer.obj
c:\users\jvank\source\repos\plugins\sdrunoplugin_drm\release\msc-processor.obj
c:\users\jvank\source\repos\plugins\sdrunoplugin_drm\release\backend-controller.obj
c:\users\jvank\source\repos\plugins\sdrunoplugin_drm\release\sdrunoplugin_drm.dll
c:\users\jvank\source\repos\plugins\sdrunoplugin_drm\release\sdrunoplugin_drm.pdb
c:\users\jvank\source\repos\plugins\sdrunoplugin_drm\release\sdrunoplugin_drm.res
c:\users\jvank\source\repos\plugins\sdrunoplugin_drm\release\sdrunoplugin_drm.lib
c:\users\jvank\source\repos\plugins\sdrunoplugin_drm\release\sdrunoplugin_drm.exp
c:\users\jvank\source\repos\plugins\sdrunoplugin_drm\release\sdrunoplugin_drm.iobj
c:\users\jvank\source\repos\plugins\sdrunoplugin_drm\release\sdrunoplugin_drm.tlog\cl.command.1.tlog
c:\users\jvank\source\repos\plugins\sdrunoplugin_drm\release\sdrunoplugin_drm.tlog\cl.read.1.tlog
c:\users\jvank\source\repos\plugins\sdrunoplugin_drm\release\sdrunoplugin_drm.tlog\cl.write.1.tlog
c:\users\jvank\source\repos\plugins\sdrunoplugin_drm\release\sdrunoplugin_drm.tlog\link.command.1.tlog
c:\users\jvank\source\repos\plugins\sdrunoplugin_drm\release\sdrunoplugin_drm.tlog\link.read.1.tlog
c:\users\jvank\source\repos\plugins\sdrunoplugin_drm\release\sdrunoplugin_drm.tlog\link.write.1.tlog
c:\users\jvank\source\repos\plugins\sdrunoplugin_drm\release\sdrunoplugin_drm.tlog\rc.command.1.tlog
c:\users\jvank\source\repos\plugins\sdrunoplugin_drm\release\sdrunoplugin_drm.tlog\rc.read.1.tlog
c:\users\jvank\source\repos\plugins\sdrunoplugin_drm\release\sdrunoplugin_drm.tlog\rc.write.1.tlog
c:\users\jvank\source\repos\plugins\sdrunoplugin_drm\release\sdrunoplugin_drm.tlog\sdrunoplugin_drm.write.1u.tlog
